[debug] [2025-02-26T15:43:30.189Z] ----------------------------------------------------------------------
[debug] [2025-02-26T15:43:30.194Z] Command:       C:\Program Files\nodejs\node.exe C:\Program Files (x86)\Nodist\bin\node_modules\firebase-tools\lib\bin\firebase.js init
[debug] [2025-02-26T15:43:30.194Z] CLI Version:   13.13.3
[debug] [2025-02-26T15:43:30.195Z] Platform:      win32
[debug] [2025-02-26T15:43:30.195Z] Node Version:  v20.11.1
[debug] [2025-02-26T15:43:30.195Z] Time:          Wed Feb 26 2025 07:43:30 GMT-0800 (Pacific Standard Time)
[debug] [2025-02-26T15:43:30.195Z] ----------------------------------------------------------------------
[debug] 
[debug] [2025-02-26T15:43:30.198Z] >>> [apiv2][query] GET https://firebase-public.firebaseio.com/cli.json [none]
[debug] [2025-02-26T15:43:30.258Z] > command requires scopes: ["email","openid","https://www.googleapis.com/auth/cloudplatformprojects.readonly","https://www.googleapis.com/auth/firebase","https://www.googleapis.com/auth/cloud-platform"]
[debug] [2025-02-26T15:43:30.261Z] > authorizing via signed-in user (theoccultcorner@gmail.com)
[info] 
     ######## #### ########  ######## ########     ###     ######  ########
     ##        ##  ##     ## ##       ##     ##  ##   ##  ##       ##
     ######    ##  ########  ######   ########  #########  ######  ######
     ##        ##  ##    ##  ##       ##     ## ##     ##       ## ##
     ##       #### ##     ## ######## ########  ##     ##  ######  ########

You're about to initialize a Firebase project in this directory:

  C:\Users\theoc\Desktop\logo

[debug] [2025-02-26T15:43:31.081Z] <<< [apiv2][status] GET https://firebase-public.firebaseio.com/cli.json 200
[debug] [2025-02-26T15:43:31.081Z] <<< [apiv2][body] GET https://firebase-public.firebaseio.com/cli.json {"cloudBuildErrorAfter":1594252800000,"cloudBuildWarnAfter":1590019200000,"defaultNode10After":1594252800000,"minVersion":"3.0.5","node8DeploysDisabledAfter":1613390400000,"node8RuntimeDisabledAfter":1615809600000,"node8WarnAfter":1600128000000}
